
/home/runner/work/exp-vector-logical-time-iiith/exp-vector-logical-time-iiith/experiment/simulation/js/generate.js
    7:60  warning  'ele' is defined but never used             no-unused-vars
    7:65  warning  'idx' is defined but never used             no-unused-vars
  107:9   warning  Expected a 'break' statement before 'case'  no-fallthrough

/home/runner/work/exp-vector-logical-time-iiith/exp-vector-logical-time-iiith/experiment/simulation/js/helper.js
   87:25  warning  Do not access Object.prototype method 'hasOwnProperty' from target object  no-prototype-builtins
   94:30  warning  Do not access Object.prototype method 'hasOwnProperty' from target object  no-prototype-builtins
  113:27  warning  'waiting' is not defined                                                   no-undef
  138:26  warning  'waiting' is not defined                                                   no-undef
  141:13  warning  'waiting' is not defined                                                   no-undef
  144:9   warning  'counter' is not defined                                                   no-undef
  145:9   warning  'waiting' is not defined                                                   no-undef

/home/runner/work/exp-vector-logical-time-iiith/exp-vector-logical-time-iiith/experiment/simulation/js/main.js
   179:10  warning  'mysteryAdjustment' is defined but never used  no-unused-vars
   200:43  warning  'time' is defined but never used               no-unused-vars
   320:55  warning  'event' is defined but never used              no-unused-vars
   586:51  warning  'tim' is defined but never used                no-unused-vars
   610:51  warning  'tim' is defined but never used                no-unused-vars
   625:47  warning  'event' is defined but never used              no-unused-vars
   635:48  warning  'event' is defined but never used              no-unused-vars
   683:22  warning  'event' is defined but never used              no-unused-vars
   947:31  warning  'event' is defined but never used              no-unused-vars
  1079:21  warning  'event' is defined but never used              no-unused-vars
  1156:21  warning  'event' is defined but never used              no-unused-vars
  1312:52  warning  'event' is defined but never used              no-unused-vars
  1318:54  warning  'event' is defined but never used              no-unused-vars
  1326:54  warning  'event' is defined but never used              no-unused-vars
  1336:23  warning  'event' is defined but never used              no-unused-vars
  1380:26  warning  'event' is defined but never used              no-unused-vars
  1397:9   warning  Expected a 'break' statement before 'case'     no-fallthrough
  1399:9   warning  Expected a 'break' statement before 'default'  no-fallthrough
  1420:79  warning  'process_number' is defined but never used     no-unused-vars
  1458:39  warning  'tim' is defined but never used                no-unused-vars
  1557:39  warning  'event' is defined but never used              no-unused-vars
  1581:39  warning  'tim' is defined but never used                no-unused-vars

✖ 32 problems (0 errors, 32 warnings)

